[12556:13172:0617/152435.998:WARNING:chrome_main_delegate.cc(745)] This is Chrome version 128.0.6613.138 (not a warning)
[12556:16856:0617/152436.338:ERROR:google_update_settings.cc(265)] Failed opening key Software\Chromium to set usagestats; result: 5
[12556:13172:0617/152436.503:WARNING:account_consistency_mode_manager.cc(77)] Desktop Identity Consistency cannot be enabled as no OAuth client ID and client secret have been configured.
[12556:13172:0617/152450.980:ERROR:device_event_log_impl.cc(196)] [15:24:50.324] USB: usb_service_win.cc:105 SetupDiGetDeviceProperty({{A45C254E-DF1C-4EFD-8020-67D146A850E0}, 6}) failed: Element not found. (0x490)
[16260:6184:0617/152450.990:WARNING:frame_impl.cc(430)] virtual CefFrameImpl::SendProcessMessage sent to detached frame 5-1D316B4191499111555D5C86A8A3824D will be ignored
[11040:5820:0617/152451.389:WARNING:spdy_session.cc(2985)] Received HEADERS for invalid stream 7
[12556:17032:0617/154202.426:ERROR:cast_crl.cc(443)] CRL - Verification failed.
[15224:12188:0617/161245.870:VERBOSE1:video_capture_oracle.cc(91)] Capture size auto-throttling is now enabled.
[15224:12188:0617/161245.870:VERBOSE1:video_capture_oracle.cc(120)] Capture size auto-throttling is now disabled.
[15224:12188:0617/161245.870:VERBOSE1:capture_resolution_chooser.cc(205)] Recomputed snapped frame sizes: 1x1
[15224:12188:0617/161245.870:VERBOSE1:capture_resolution_chooser.cc(157)] Recomputed capture size from 640x360 to 1x1 (100% of ideal size)
[15224:12188:0617/161246.108:VERBOSE1:capture_resolution_chooser.cc(205)] Recomputed snapped frame sizes: 1x1
[15224:12188:0617/161246.211:VERBOSE1:capture_resolution_chooser.cc(205)] Recomputed snapped frame sizes: 1x1
[15224:12188:0617/161246.218:VERBOSE1:capture_resolution_chooser.cc(205)] Recomputed snapped frame sizes: 990x557
[15224:12188:0617/161246.218:VERBOSE1:capture_resolution_chooser.cc(157)] Recomputed capture size from 1x1 to 990x557 (100% of ideal size)
[15224:12188:0617/161247.630:VERBOSE1:video_capture_oracle.cc(91)] Capture size auto-throttling is now enabled.
[15224:12188:0617/161247.630:VERBOSE1:video_capture_oracle.cc(120)] Capture size auto-throttling is now disabled.
[15224:12188:0617/161247.630:VERBOSE1:capture_resolution_chooser.cc(205)] Recomputed snapped frame sizes: 990x557
[15224:12188:0617/161247.630:VERBOSE1:capture_resolution_chooser.cc(157)] Recomputed capture size from 640x360 to 990x557 (100% of ideal size)
[20812:17248:0617/161247.631:WARNING:frame_impl.cc(430)] virtual CefFrameImpl::SendProcessMessage sent to detached frame 8-49A7C9901933E0882D6C90513ECACB6F will be ignored
[15224:12188:0617/161248.384:VERBOSE1:capture_resolution_chooser.cc(205)] Recomputed snapped frame sizes: 990x557
[15224:12188:0617/161333.601:VERBOSE1:capture_resolution_chooser.cc(205)] Recomputed snapped frame sizes: 990x557
[15224:12188:0617/161333.620:VERBOSE1:capture_resolution_chooser.cc(205)] Recomputed snapped frame sizes: 1920x999
[15224:12188:0617/161333.620:VERBOSE1:capture_resolution_chooser.cc(157)] Recomputed capture size from 990x557 to 1920x999 (100% of ideal size)
[15224:10696:0617/161416.767:WARNING:angle_platform_impl.cc(49)] HLSLCompiler.cpp:250 (rx::HLSLCompiler::compileToBinary): 
C:\fakepath(103,1-6): warning X4000: use of potentially uninitialized variable (dyn_index_vec4_float4_int)

[15224:6964:0617/161417.259:WARNING:angle_platform_impl.cc(49)] HLSLCompiler.cpp:250 (rx::HLSLCompiler::compileToBinary): 
C:\fakepath(136,1): warning X4000: use of potentially uninitialized variable (f_i_int_int_int2)
C:\fakepath(138,1): warning X4000: use of potentially uninitialized variable (f_i_int_int_int2)
C:\fakepath(174,1): warning X4000: use of potentially uninitialized variable (f_u_int_int_int)

[15224:12188:0617/161418.045:VERBOSE1:video_capture_oracle.cc(165)] Content sampler now detects animation.
[15224:17728:0617/161418.072:WARNING:angle_platform_impl.cc(49)] HLSLCompiler.cpp:250 (rx::HLSLCompiler::compileToBinary): 
C:\fakepath(166,1): warning X4000: use of potentially uninitialized variable (f_renderMipMapLevel_int)

[15224:22964:0617/161418.591:WARNING:angle_platform_impl.cc(49)] HLSLCompiler.cpp:250 (rx::HLSLCompiler::compileToBinary): 
C:\fakepath(382,11-39): warning X4008: floating point division by zero
C:\fakepath(382,11-39): warning X4008: floating point division by zero

[15224:22452:0617/161419.219:ERROR:gl_utils.cc(415)] [.WebGL-00007E9004C7BF00] GL_INVALID_OPERATION: Two textures of different types use the same sampler location.
[15224:22452:0617/161419.244:ERROR:gl_utils.cc(415)] [.WebGL-00007E9004C7BF00] GL_INVALID_OPERATION: Two textures of different types use the same sampler location.
[15224:12188:0617/161419.912:VERBOSE1:video_capture_oracle.cc(173)] Content sampler detects animation ended.
[15224:12188:0617/161420.711:VERBOSE1:video_capture_oracle.cc(250)] Client rejects proposal to capture frame (at #699).
[15224:12188:0617/161420.777:VERBOSE1:video_capture_oracle.cc(250)] Client rejects proposal to capture frame (at #702).
[15224:12188:0617/161420.845:VERBOSE1:video_capture_oracle.cc(250)] Client rejects proposal to capture frame (at #705).
[15224:12188:0617/161420.862:VERBOSE1:video_capture_oracle.cc(250)] Client rejects proposal to capture frame (at #705).
[15224:12188:0617/161420.928:VERBOSE1:video_capture_oracle.cc(165)] Content sampler now detects animation.
[15224:12188:0617/161420.928:VERBOSE1:video_capture_oracle.cc(250)] Client rejects proposal to capture frame (at #708).
[15224:12188:0617/161420.995:VERBOSE1:video_capture_oracle.cc(250)] Client rejects proposal to capture frame (at #711).
[15224:12188:0617/161421.062:VERBOSE1:video_capture_oracle.cc(250)] Client rejects proposal to capture frame (at #714).
[15224:12188:0617/161421.077:VERBOSE1:video_capture_oracle.cc(250)] Client rejects proposal to capture frame (at #714).
[15224:12188:0617/161421.128:VERBOSE1:video_capture_oracle.cc(250)] Client rejects proposal to capture frame (at #716).
[15224:12188:0617/161421.145:VERBOSE1:video_capture_oracle.cc(250)] Client rejects proposal to capture frame (at #716).
[15224:12188:0617/161421.211:VERBOSE1:video_capture_oracle.cc(250)] Client rejects proposal to capture frame (at #719).
[15224:12188:0617/161421.227:VERBOSE1:video_capture_oracle.cc(250)] Client rejects proposal to capture frame (at #719).
[15224:12188:0617/161421.295:VERBOSE1:video_capture_oracle.cc(250)] Client rejects proposal to capture frame (at #722).
[15224:12188:0617/161421.312:VERBOSE1:video_capture_oracle.cc(250)] Client rejects proposal to capture frame (at #722).
[15224:12188:0617/161421.361:VERBOSE1:video_capture_oracle.cc(250)] Client rejects proposal to capture frame (at #724).
[15224:12188:0617/161421.378:VERBOSE1:video_capture_oracle.cc(250)] Client rejects proposal to capture frame (at #724).
[15224:12188:0617/161421.428:VERBOSE1:video_capture_oracle.cc(250)] Client rejects proposal to capture frame (at #726).
[15224:12188:0617/161421.445:VERBOSE1:video_capture_oracle.cc(250)] Client rejects proposal to capture frame (at #726).
[15224:12188:0617/161421.512:VERBOSE1:video_capture_oracle.cc(250)] Client rejects proposal to capture frame (at #729).
[15224:12188:0617/161421.578:VERBOSE1:video_capture_oracle.cc(250)] Client rejects proposal to capture frame (at #732).
[15224:12188:0617/161421.595:VERBOSE1:video_capture_oracle.cc(250)] Client rejects proposal to capture frame (at #732).
[15224:12188:0617/161421.660:VERBOSE1:video_capture_oracle.cc(250)] Client rejects proposal to capture frame (at #735).
[15224:12188:0617/161421.729:VERBOSE1:video_capture_oracle.cc(250)] Client rejects proposal to capture frame (at #738).
[15224:12188:0617/161421.745:VERBOSE1:video_capture_oracle.cc(250)] Client rejects proposal to capture frame (at #738).
[15224:12188:0617/161421.794:VERBOSE1:video_capture_oracle.cc(250)] Client rejects proposal to capture frame (at #740).
[15224:12188:0617/161421.812:VERBOSE1:video_capture_oracle.cc(250)] Client rejects proposal to capture frame (at #740).
[15224:12188:0617/161421.878:VERBOSE1:video_capture_oracle.cc(250)] Client rejects proposal to capture frame (at #743).
[15224:12188:0617/161421.929:VERBOSE1:video_capture_oracle.cc(250)] Client rejects proposal to capture frame (at #745).
[15224:12188:0617/161421.944:VERBOSE1:video_capture_oracle.cc(250)] Client rejects proposal to capture frame (at #745).
[15224:12188:0617/161421.960:VERBOSE1:video_capture_oracle.cc(250)] Client rejects proposal to capture frame (at #745).
[15224:12188:0617/161422.028:VERBOSE1:video_capture_oracle.cc(250)] Client rejects proposal to capture frame (at #748).
[15224:12188:0617/161422.094:VERBOSE1:video_capture_oracle.cc(250)] Client rejects proposal to capture frame (at #751).
[15224:12188:0617/161422.111:VERBOSE1:video_capture_oracle.cc(250)] Client rejects proposal to capture frame (at #751).
[15224:12188:0617/161422.163:VERBOSE1:video_capture_oracle.cc(250)] Client rejects proposal to capture frame (at #753).
[15224:12188:0617/161422.177:VERBOSE1:video_capture_oracle.cc(250)] Client rejects proposal to capture frame (at #753).
[15224:12188:0617/161422.244:VERBOSE1:video_capture_oracle.cc(250)] Client rejects proposal to capture frame (at #756).
[15224:12188:0617/161422.310:VERBOSE1:video_capture_oracle.cc(250)] Client rejects proposal to capture frame (at #759).
[15224:12188:0617/161422.361:VERBOSE1:video_capture_oracle.cc(250)] Client rejects proposal to capture frame (at #761).
[15224:12188:0617/161422.378:VERBOSE1:video_capture_oracle.cc(250)] Client rejects proposal to capture frame (at #761).
[15224:12188:0617/161422.395:VERBOSE1:video_capture_oracle.cc(250)] Client rejects proposal to capture frame (at #761).
[15224:12188:0617/161422.444:VERBOSE1:video_capture_oracle.cc(250)] Client rejects proposal to capture frame (at #763).
[15224:12188:0617/161422.461:VERBOSE1:video_capture_oracle.cc(250)] Client rejects proposal to capture frame (at #763).
[15224:12188:0617/161422.528:VERBOSE1:video_capture_oracle.cc(250)] Client rejects proposal to capture frame (at #766).
[15224:12188:0617/161422.544:VERBOSE1:video_capture_oracle.cc(250)] Client rejects proposal to capture frame (at #766).
[15224:12188:0617/161422.611:VERBOSE1:video_capture_oracle.cc(250)] Client rejects proposal to capture frame (at #769).
[15224:12188:0617/161422.661:VERBOSE1:video_capture_oracle.cc(250)] Client rejects proposal to capture frame (at #771).
[15224:12188:0617/161422.677:VERBOSE1:video_capture_oracle.cc(250)] Client rejects proposal to capture frame (at #771).
[15224:12188:0617/161422.727:VERBOSE1:video_capture_oracle.cc(250)] Client rejects proposal to capture frame (at #773).
[15224:12188:0617/161422.746:VERBOSE1:video_capture_oracle.cc(250)] Client rejects proposal to capture frame (at #773).
[15224:12188:0617/161422.761:VERBOSE1:video_capture_oracle.cc(250)] Client rejects proposal to capture frame (at #773).
[15224:12188:0617/161422.810:VERBOSE1:video_capture_oracle.cc(250)] Client rejects proposal to capture frame (at #775).
[15224:12188:0617/161422.828:VERBOSE1:video_capture_oracle.cc(250)] Client rejects proposal to capture frame (at #775).
[15224:12188:0617/161422.877:VERBOSE1:video_capture_oracle.cc(250)] Client rejects proposal to capture frame (at #777).
[15224:12188:0617/161422.894:VERBOSE1:video_capture_oracle.cc(250)] Client rejects proposal to capture frame (at #777).
[15224:12188:0617/161422.911:VERBOSE1:video_capture_oracle.cc(250)] Client rejects proposal to capture frame (at #777).
[15224:12188:0617/161422.962:VERBOSE1:video_capture_oracle.cc(250)] Client rejects proposal to capture frame (at #779).
[15224:12188:0617/161422.977:VERBOSE1:video_capture_oracle.cc(250)] Client rejects proposal to capture frame (at #779).
[15224:12188:0617/161423.045:VERBOSE1:video_capture_oracle.cc(250)] Client rejects proposal to capture frame (at #782).
[15224:12188:0617/161423.095:VERBOSE1:video_capture_oracle.cc(250)] Client rejects proposal to capture frame (at #784).
[15224:12188:0617/161423.110:VERBOSE1:video_capture_oracle.cc(250)] Client rejects proposal to capture frame (at #784).
[15224:12188:0617/161423.178:VERBOSE1:video_capture_oracle.cc(250)] Client rejects proposal to capture frame (at #787).
[15224:12188:0617/161423.312:VERBOSE1:video_capture_oracle.cc(250)] Client rejects proposal to capture frame (at #794).
[15224:12188:0617/161423.378:VERBOSE1:video_capture_oracle.cc(250)] Client rejects proposal to capture frame (at #797).
[15224:12188:0617/161423.395:VERBOSE1:video_capture_oracle.cc(250)] Client rejects proposal to capture frame (at #797).
[15224:12188:0617/161423.411:VERBOSE1:video_capture_oracle.cc(250)] Client rejects proposal to capture frame (at #797).
[15224:12188:0617/161423.478:VERBOSE1:video_capture_oracle.cc(250)] Client rejects proposal to capture frame (at #800).
[15224:12188:0617/161423.529:VERBOSE1:video_capture_oracle.cc(250)] Client rejects proposal to capture frame (at #802).
[15224:12188:0617/161423.544:VERBOSE1:video_capture_oracle.cc(250)] Client rejects proposal to capture frame (at #802).
[15224:12188:0617/161423.561:VERBOSE1:video_capture_oracle.cc(250)] Client rejects proposal to capture frame (at #802).
[15224:12188:0617/161423.611:VERBOSE1:video_capture_oracle.cc(250)] Client rejects proposal to capture frame (at #804).
[15224:12188:0617/161423.627:VERBOSE1:video_capture_oracle.cc(250)] Client rejects proposal to capture frame (at #804).
[15224:12188:0617/161423.695:VERBOSE1:video_capture_oracle.cc(250)] Client rejects proposal to capture frame (at #807).
[15224:12188:0617/161423.712:VERBOSE1:video_capture_oracle.cc(250)] Client rejects proposal to capture frame (at #807).
[15224:12188:0617/161423.777:VERBOSE1:video_capture_oracle.cc(250)] Client rejects proposal to capture frame (at #810).
[15224:12188:0617/161423.844:VERBOSE1:video_capture_oracle.cc(250)] Client rejects proposal to capture frame (at #813).
[15224:12188:0617/161423.911:VERBOSE1:video_capture_oracle.cc(250)] Client rejects proposal to capture frame (at #816).
[15224:12188:0617/161423.927:VERBOSE1:video_capture_oracle.cc(250)] Client rejects proposal to capture frame (at #816).
[15224:12188:0617/161423.995:VERBOSE1:video_capture_oracle.cc(250)] Client rejects proposal to capture frame (at #819).
[15224:12188:0617/161424.060:VERBOSE1:video_capture_oracle.cc(250)] Client rejects proposal to capture frame (at #822).
[15224:12188:0617/161424.128:VERBOSE1:video_capture_oracle.cc(250)] Client rejects proposal to capture frame (at #825).
[15224:12188:0617/161424.177:VERBOSE1:video_capture_oracle.cc(250)] Client rejects proposal to capture frame (at #827).
[15224:12188:0617/161424.194:VERBOSE1:video_capture_oracle.cc(250)] Client rejects proposal to capture frame (at #827).
[15224:12188:0617/161424.245:VERBOSE1:video_capture_oracle.cc(250)] Client rejects proposal to capture frame (at #829).
[15224:12188:0617/161424.260:VERBOSE1:video_capture_oracle.cc(250)] Client rejects proposal to capture frame (at #829).
[15224:12188:0617/161424.328:VERBOSE1:video_capture_oracle.cc(250)] Client rejects proposal to capture frame (at #832).
[15224:12188:0617/161424.395:VERBOSE1:video_capture_oracle.cc(250)] Client rejects proposal to capture frame (at #835).
[15224:12188:0617/161424.410:VERBOSE1:video_capture_oracle.cc(250)] Client rejects proposal to capture frame (at #835).
[15224:12188:0617/161424.478:VERBOSE1:video_capture_oracle.cc(250)] Client rejects proposal to capture frame (at #838).
[15224:12188:0617/161424.545:VERBOSE1:video_capture_oracle.cc(250)] Client rejects proposal to capture frame (at #841).
[15224:12188:0617/161424.611:VERBOSE1:video_capture_oracle.cc(250)] Client rejects proposal to capture frame (at #844).
[15224:12188:0617/161424.677:VERBOSE1:video_capture_oracle.cc(250)] Client rejects proposal to capture frame (at #847).
[15224:12188:0617/161424.694:VERBOSE1:video_capture_oracle.cc(250)] Client rejects proposal to capture frame (at #847).
[15224:12188:0617/161424.744:VERBOSE1:video_capture_oracle.cc(250)] Client rejects proposal to capture frame (at #849).
[15224:12188:0617/161424.761:VERBOSE1:video_capture_oracle.cc(250)] Client rejects proposal to capture frame (at #849).
[15224:12188:0617/161424.828:VERBOSE1:video_capture_oracle.cc(250)] Client rejects proposal to capture frame (at #852).
[15224:12188:0617/161424.895:VERBOSE1:video_capture_oracle.cc(250)] Client rejects proposal to capture frame (at #855).
[15224:12188:0617/161424.961:VERBOSE1:video_capture_oracle.cc(250)] Client rejects proposal to capture frame (at #858).
[15224:12188:0617/161425.045:VERBOSE1:video_capture_oracle.cc(250)] Client rejects proposal to capture frame (at #862).
[15224:12188:0617/161425.162:VERBOSE1:video_capture_oracle.cc(250)] Client rejects proposal to capture frame (at #868).
[15224:12188:0617/161425.178:VERBOSE1:video_capture_oracle.cc(250)] Client rejects proposal to capture frame (at #868).
[15224:12188:0617/161425.244:VERBOSE1:video_capture_oracle.cc(250)] Client rejects proposal to capture frame (at #871).
[15224:12188:0617/161425.312:VERBOSE1:video_capture_oracle.cc(250)] Client rejects proposal to capture frame (at #874).
[15224:12188:0617/161425.328:VERBOSE1:video_capture_oracle.cc(250)] Client rejects proposal to capture frame (at #874).
[15224:12188:0617/161425.395:VERBOSE1:video_capture_oracle.cc(250)] Client rejects proposal to capture frame (at #877).
[15224:12188:0617/161425.410:VERBOSE1:video_capture_oracle.cc(250)] Client rejects proposal to capture frame (at #877).
[15224:12188:0617/161425.477:VERBOSE1:video_capture_oracle.cc(250)] Client rejects proposal to capture frame (at #880).
[15224:12188:0617/161425.528:VERBOSE1:video_capture_oracle.cc(250)] Client rejects proposal to capture frame (at #882).
[15224:12188:0617/161425.544:VERBOSE1:video_capture_oracle.cc(250)] Client rejects proposal to capture frame (at #882).
[15224:12188:0617/161425.610:VERBOSE1:video_capture_oracle.cc(250)] Client rejects proposal to capture frame (at #885).
[15224:12188:0617/161425.628:VERBOSE1:video_capture_oracle.cc(250)] Client rejects proposal to capture frame (at #885).
[15224:12188:0617/161425.712:VERBOSE1:video_capture_oracle.cc(250)] Client rejects proposal to capture frame (at #889).
[15224:12188:0617/161425.777:VERBOSE1:video_capture_oracle.cc(250)] Client rejects proposal to capture frame (at #892).
[15224:12188:0617/161425.845:VERBOSE1:video_capture_oracle.cc(250)] Client rejects proposal to capture frame (at #895).
[15224:12188:0617/161425.861:VERBOSE1:video_capture_oracle.cc(250)] Client rejects proposal to capture frame (at #895).
[15224:12188:0617/161425.912:VERBOSE1:video_capture_oracle.cc(250)] Client rejects proposal to capture frame (at #897).
[15224:12188:0617/161425.928:VERBOSE1:video_capture_oracle.cc(250)] Client rejects proposal to capture frame (at #897).
[15224:12188:0617/161425.994:VERBOSE1:video_capture_oracle.cc(250)] Client rejects proposal to capture frame (at #900).
[15224:12188:0617/161426.011:VERBOSE1:video_capture_oracle.cc(250)] Client rejects proposal to capture frame (at #900).
[15224:12188:0617/161426.077:VERBOSE1:video_capture_oracle.cc(250)] Client rejects proposal to capture frame (at #903).
[15224:12188:0617/161426.094:VERBOSE1:video_capture_oracle.cc(250)] Client rejects proposal to capture frame (at #903).
[15224:12188:0617/161426.145:VERBOSE1:video_capture_oracle.cc(250)] Client rejects proposal to capture frame (at #905).
[15224:12188:0617/161426.161:VERBOSE1:video_capture_oracle.cc(250)] Client rejects proposal to capture frame (at #905).
[15224:12188:0617/161426.177:VERBOSE1:video_capture_oracle.cc(250)] Client rejects proposal to capture frame (at #905).
[15224:12188:0617/161426.227:VERBOSE1:video_capture_oracle.cc(250)] Client rejects proposal to capture frame (at #907).
[15224:12188:0617/161426.244:VERBOSE1:video_capture_oracle.cc(250)] Client rejects proposal to capture frame (at #907).
[15224:12188:0617/161426.261:VERBOSE1:video_capture_oracle.cc(250)] Client rejects proposal to capture frame (at #907).
[15224:12188:0617/161426.328:VERBOSE1:video_capture_oracle.cc(250)] Client rejects proposal to capture frame (at #910).
[15224:12188:0617/161426.344:VERBOSE1:video_capture_oracle.cc(250)] Client rejects proposal to capture frame (at #910).
[15224:12188:0617/161426.611:VERBOSE1:video_capture_oracle.cc(173)] Content sampler detects animation ended.
[15224:12188:0617/161450.864:VERBOSE1:video_capture_oracle.cc(250)] Client rejects proposal to capture frame (at #1027).
[15224:12188:0617/161450.932:VERBOSE1:video_capture_oracle.cc(250)] Client rejects proposal to capture frame (at #1030).
[15224:12188:0617/161450.996:VERBOSE1:video_capture_oracle.cc(250)] Client rejects proposal to capture frame (at #1033).
[15224:12188:0617/161451.045:VERBOSE1:video_capture_oracle.cc(250)] Client rejects proposal to capture frame (at #1035).
[15224:12188:0617/161451.063:VERBOSE1:video_capture_oracle.cc(250)] Client rejects proposal to capture frame (at #1035).
[15224:12188:0617/161451.147:VERBOSE1:video_capture_oracle.cc(250)] Client rejects proposal to capture frame (at #1038).
[15224:12188:0617/161451.212:VERBOSE1:video_capture_oracle.cc(250)] Client rejects proposal to capture frame (at #1041).
[15224:12188:0617/161520.228:VERBOSE1:capture_resolution_chooser.cc(205)] Recomputed snapped frame sizes: 1920x999
[15224:12188:0617/161520.262:VERBOSE1:capture_resolution_chooser.cc(205)] Recomputed snapped frame sizes: 990x557
[15224:12188:0617/161520.262:VERBOSE1:capture_resolution_chooser.cc(157)] Recomputed capture size from 1920x999 to 990x557 (100% of ideal size)
[12556:13172:0617/161828.437:WARNING:pref_notifier_impl.cc(41)] Pref observer for media_router.cast_allow_all_ips found at shutdown.
