[21048:22308:0312/104931.568:WARNING:chrome_main_delegate.cc(745)] This is Chrome version 128.0.6613.138 (not a warning)
[21048:13248:0312/104931.672:ERROR:google_update_settings.cc(265)] Failed opening key Software\Chromium to set usagestats; result: 5
[21048:22308:0312/104931.725:WARNING:account_consistency_mode_manager.cc(77)] Desktop Identity Consistency cannot be enabled as no OAuth client ID and client secret have been configured.
[15816:21680:0312/104938.295:WARNING:frame_impl.cc(430)] virtual CefFrameImpl::SendProcessMessage sent to detached frame 5-E51AC12E094F0C032A2736CA616774E6 will be ignored
[8356:19060:0312/105339.760:WARNING:frame_impl.cc(430)] virtual CefFrameImpl::SendProcessMessage sent to detached frame 8-6D8804015D53ECB23FB2EF857A55426F will be ignored
[3576:12116:0312/105732.864:WARNING:frame_impl.cc(430)] virtual CefFrameImpl::SendProcessMessage sent to detached frame B-320492C9F428DBF8D85D67C802789419 will be ignored
[2872:13580:0312/111009.565:WARNING:frame_impl.cc(430)] virtual CefFrameImpl::SendProcessMessage sent to detached frame D-6303E2CFE2431CAE86DCC93801F82AC2 will be ignored
[16140:10764:0312/111128.073:WARNING:angle_platform_impl.cc(49)] HLSLCompiler.cpp:250 (rx::HLSLCompiler::compileToBinary): 
C:\fakepath(103,1-6): warning X4000: use of potentially uninitialized variable (dyn_index_vec4_float4_int)

[16140:2856:0312/111128.347:WARNING:angle_platform_impl.cc(49)] HLSLCompiler.cpp:250 (rx::HLSLCompiler::compileToBinary): 
C:\fakepath(136,1): warning X4000: use of potentially uninitialized variable (f_i_int_int_int2)
C:\fakepath(138,1): warning X4000: use of potentially uninitialized variable (f_i_int_int_int2)
C:\fakepath(174,1): warning X4000: use of potentially uninitialized variable (f_u_int_int_int)

[16140:18112:0312/111129.168:WARNING:angle_platform_impl.cc(49)] HLSLCompiler.cpp:250 (rx::HLSLCompiler::compileToBinary): 
C:\fakepath(166,1): warning X4000: use of potentially uninitialized variable (f_renderMipMapLevel_int)

[16140:10764:0312/111129.200:WARNING:angle_platform_impl.cc(49)] HLSLCompiler.cpp:250 (rx::HLSLCompiler::compileToBinary): 
C:\fakepath(166,1): warning X4000: use of potentially uninitialized variable (f_renderMipMapLevel_int)

[16140:21088:0312/111129.610:WARNING:angle_platform_impl.cc(49)] HLSLCompiler.cpp:250 (rx::HLSLCompiler::compileToBinary): 
C:\fakepath(382,11-39): warning X4008: floating point division by zero
C:\fakepath(382,11-39): warning X4008: floating point division by zero

[16140:20256:0312/111130.021:ERROR:gl_utils.cc(415)] [.WebGL-00002D80032EF800] GL_INVALID_OPERATION: Two textures of different types use the same sampler location.
[16140:20256:0312/111130.021:ERROR:gl_utils.cc(415)] [.WebGL-00002D80032EF800] GL_INVALID_OPERATION: Two textures of different types use the same sampler location.
[16140:20256:0312/111130.061:ERROR:gl_utils.cc(415)] [.WebGL-00002D80032EF800] GL_INVALID_OPERATION: Two textures of different types use the same sampler location.
[16140:20256:0312/111130.061:ERROR:gl_utils.cc(415)] [.WebGL-00002D80032EF800] GL_INVALID_OPERATION: Two textures of different types use the same sampler location.
[21984:12040:0312/111444.567:WARNING:frame_impl.cc(430)] virtual CefFrameImpl::SendProcessMessage sent to detached frame F-C76AC80D6D1ED89213AF4E4506E077DD will be ignored
[21048:22308:0312/115251.320:WARNING:pref_notifier_impl.cc(41)] Pref observer for media_router.cast_allow_all_ips found at shutdown.
